{"contracts/BlockEvent.sol":{"l":{"89":82,"91":82,"100":23,"101":13,"104":12,"105":12,"107":12,"108":12,"109":12,"110":12,"111":12,"112":12,"113":12,"116":12,"118":12,"123":0,"126":0,"127":0,"128":0,"131":0,"132":0,"140":0,"153":11,"154":11,"155":10,"156":10,"158":9,"159":9,"161":9,"162":9,"163":9,"164":9,"165":9,"166":9,"167":9,"168":9,"169":9,"170":9,"172":9,"173":9,"175":9,"180":0,"181":0,"183":0,"184":0,"187":0,"192":8,"193":8,"194":8,"197":7,"198":7,"199":7,"202":7,"203":7,"204":0,"205":0,"208":7,"209":7,"212":6,"213":6,"216":6,"219":6,"222":6,"223":6,"226":6,"227":6,"230":6,"231":6,"234":6,"236":6,"237":6,"240":6,"241":1,"247":0,"249":0,"250":0,"251":0,"253":0,"254":0,"257":0,"258":0,"261":0,"264":0,"265":0,"267":0,"272":1,"273":1,"275":1,"276":1,"277":1,"278":1,"282":1,"283":1,"288":0,"291":0,"292":0,"295":0,"296":0,"297":0,"298":0,"299":0,"302":0,"305":0,"306":0,"309":0,"311":0,"319":0,"320":0,"323":0,"324":0,"327":0,"332":4,"335":4,"338":3,"339":3,"340":3,"341":3,"342":3,"345":3,"348":3,"351":2,"352":2,"353":2,"356":2,"358":2,"370":0,"371":0,"374":0,"380":0,"394":1,"395":1,"409":0},"path":"/mnt/c/Users/skoita/Desktop/www/soutenance-dev-bc-berners-lee/backend/contracts/BlockEvent.sol","s":{"1":23,"2":13,"3":12,"4":12,"5":12,"6":12,"7":12,"8":0,"9":0,"10":0,"11":0,"12":0,"13":11,"14":11,"15":10,"16":10,"17":9,"18":9,"19":9,"20":9,"21":9,"22":0,"23":0,"24":0,"25":0,"26":8,"27":8,"28":8,"29":7,"30":7,"31":7,"32":7,"33":7,"34":7,"35":7,"36":6,"37":6,"38":6,"39":6,"40":6,"41":6,"42":6,"43":6,"44":6,"45":6,"46":6,"47":1,"48":0,"49":0,"50":0,"51":0,"52":0,"53":0,"54":0,"55":0,"56":0,"57":0,"58":0,"59":1,"60":1,"61":1,"62":1,"63":1,"64":1,"65":1,"66":0,"67":0,"68":0,"69":0,"70":0,"71":0,"72":0,"73":0,"74":0,"75":0,"76":0,"77":0,"78":0,"79":0,"80":0,"81":4,"82":4,"83":3,"84":3,"85":3,"86":3,"87":3,"88":2,"89":2,"90":0,"91":0,"92":0,"93":0,"94":1,"95":1,"96":0},"b":{"1":[13,10],"2":[12,1],"3":[0,0],"4":[0,0],"5":[0,0],"6":[0,0],"7":[11,0],"8":[10,1],"9":[10,0],"10":[9,1],"11":[0,0],"12":[0,0],"13":[8,0],"14":[8,0],"15":[7,1],"16":[7,0],"17":[7,0],"18":[0,7],"19":[6,1],"20":[1,5],"21":[0,0],"22":[0,0],"23":[0,0],"24":[0,0],"25":[0,0],"26":[1,0],"27":[1,0],"28":[1,0],"29":[1,0],"30":[0,0],"31":[0,0],"32":[0,0],"33":[0,0],"34":[0,0],"35":[3,1],"36":[3,0],"37":[3,0],"38":[2,1],"39":[0,0],"40":[0,0]},"f":{"1":82,"2":23,"3":0,"4":11,"5":0,"6":8,"7":0,"8":1,"9":0,"10":4,"11":0,"12":1,"13":0},"fnMap":{"1":{"name":"constructor","line":88,"loc":{"start":{"line":88,"column":4},"end":{"line":92,"column":4}}},"2":{"name":"createEvent","line":95,"loc":{"start":{"line":95,"column":4},"end":{"line":119,"column":4}}},"3":{"name":"cancelEvent","line":122,"loc":{"start":{"line":122,"column":4},"end":{"line":141,"column":4}}},"4":{"name":"createTicketType","line":144,"loc":{"start":{"line":144,"column":4},"end":{"line":176,"column":4}}},"5":{"name":"setResalePrice","line":179,"loc":{"start":{"line":179,"column":4},"end":{"line":188,"column":4}}},"6":{"name":"buyTickets","line":191,"loc":{"start":{"line":191,"column":4},"end":{"line":243,"column":4}}},"7":{"name":"withdrawFunds","line":246,"loc":{"start":{"line":246,"column":4},"end":{"line":268,"column":4}}},"8":{"name":"validateTicket","line":271,"loc":{"start":{"line":271,"column":4},"end":{"line":284,"column":4}}},"9":{"name":"mintCertificate","line":287,"loc":{"start":{"line":287,"column":4},"end":{"line":328,"column":4}}},"10":{"name":"voteForEvent","line":331,"loc":{"start":{"line":331,"column":4},"end":{"line":359,"column":4}}},"11":{"name":"safeTransferFrom","line":362,"loc":{"start":{"line":362,"column":4},"end":{"line":381,"column":4}}},"12":{"name":"getEventInfo","line":384,"loc":{"start":{"line":384,"column":4},"end":{"line":405,"column":4}}},"13":{"name":"getTokenBalance","line":408,"loc":{"start":{"line":408,"column":4},"end":{"line":410,"column":4}}}},"statementMap":{"1":{"start":{"line":100,"column":8},"end":{"line":100,"column":74}},"2":{"start":{"line":101,"column":8},"end":{"line":101,"column":4384}},"3":{"start":{"line":104,"column":8},"end":{"line":104,"column":34}},"4":{"start":{"line":105,"column":8},"end":{"line":105,"column":54}},"5":{"start":{"line":107,"column":8},"end":{"line":107,"column":51}},"6":{"start":{"line":116,"column":8},"end":{"line":116,"column":49}},"7":{"start":{"line":118,"column":8},"end":{"line":118,"column":56}},"8":{"start":{"line":123,"column":8},"end":{"line":123,"column":50}},"9":{"start":{"line":126,"column":8},"end":{"line":126,"column":85}},"10":{"start":{"line":127,"column":8},"end":{"line":127,"column":63}},"11":{"start":{"line":128,"column":8},"end":{"line":128,"column":72}},"12":{"start":{"line":140,"column":8},"end":{"line":140,"column":37}},"13":{"start":{"line":153,"column":8},"end":{"line":153,"column":84}},"14":{"start":{"line":154,"column":8},"end":{"line":154,"column":102}},"15":{"start":{"line":155,"column":8},"end":{"line":155,"column":72}},"16":{"start":{"line":156,"column":8},"end":{"line":156,"column":61}},"17":{"start":{"line":158,"column":8},"end":{"line":158,"column":39}},"18":{"start":{"line":159,"column":8},"end":{"line":159,"column":64}},"19":{"start":{"line":161,"column":8},"end":{"line":161,"column":71}},"20":{"start":{"line":172,"column":8},"end":{"line":172,"column":59}},"21":{"start":{"line":175,"column":8},"end":{"line":175,"column":64}},"22":{"start":{"line":180,"column":8},"end":{"line":180,"column":66}},"23":{"start":{"line":181,"column":8},"end":{"line":181,"column":60}},"24":{"start":{"line":183,"column":8},"end":{"line":183,"column":86}},"25":{"start":{"line":184,"column":8},"end":{"line":184,"column":7973}},"26":{"start":{"line":192,"column":8},"end":{"line":192,"column":66}},"27":{"start":{"line":193,"column":8},"end":{"line":193,"column":70}},"28":{"start":{"line":194,"column":8},"end":{"line":194,"column":8489}},"29":{"start":{"line":197,"column":8},"end":{"line":197,"column":60}},"30":{"start":{"line":198,"column":8},"end":{"line":198,"column":58}},"31":{"start":{"line":199,"column":8},"end":{"line":199,"column":75}},"32":{"start":{"line":202,"column":8},"end":{"line":202,"column":44}},"33":{"start":{"line":203,"column":8},"end":{"line":203,"column":8918}},"34":{"start":{"line":208,"column":8},"end":{"line":208,"column":48}},"35":{"start":{"line":209,"column":8},"end":{"line":209,"column":62}},"36":{"start":{"line":212,"column":8},"end":{"line":212,"column":52}},"37":{"start":{"line":219,"column":8},"end":{"line":219,"column":81}},"38":{"start":{"line":222,"column":8},"end":{"line":222,"column":55}},"39":{"start":{"line":223,"column":8},"end":{"line":223,"column":52}},"40":{"start":{"line":226,"column":8},"end":{"line":226,"column":83}},"41":{"start":{"line":227,"column":8},"end":{"line":227,"column":65}},"42":{"start":{"line":230,"column":8},"end":{"line":230,"column":53}},"43":{"start":{"line":231,"column":8},"end":{"line":231,"column":51}},"44":{"start":{"line":236,"column":8},"end":{"line":236,"column":64}},"45":{"start":{"line":237,"column":8},"end":{"line":237,"column":50}},"46":{"start":{"line":240,"column":8},"end":{"line":240,"column":10558}},"47":{"start":{"line":241,"column":12},"end":{"line":241,"column":63}},"48":{"start":{"line":247,"column":8},"end":{"line":247,"column":50}},"49":{"start":{"line":249,"column":8},"end":{"line":249,"column":85}},"50":{"start":{"line":250,"column":8},"end":{"line":250,"column":58}},"51":{"start":{"line":251,"column":8},"end":{"line":251,"column":82}},"52":{"start":{"line":253,"column":8},"end":{"line":253,"column":84}},"53":{"start":{"line":254,"column":8},"end":{"line":254,"column":60}},"54":{"start":{"line":257,"column":8},"end":{"line":257,"column":59}},"55":{"start":{"line":258,"column":8},"end":{"line":258,"column":63}},"56":{"start":{"line":264,"column":8},"end":{"line":264,"column":49}},"57":{"start":{"line":265,"column":8},"end":{"line":265,"column":52}},"58":{"start":{"line":267,"column":8},"end":{"line":267,"column":56}},"59":{"start":{"line":272,"column":8},"end":{"line":272,"column":66}},"60":{"start":{"line":273,"column":8},"end":{"line":273,"column":60}},"61":{"start":{"line":275,"column":8},"end":{"line":275,"column":85}},"62":{"start":{"line":276,"column":8},"end":{"line":276,"column":94}},"63":{"start":{"line":277,"column":8},"end":{"line":277,"column":83}},"64":{"start":{"line":278,"column":8},"end":{"line":278,"column":12419}},"65":{"start":{"line":283,"column":8},"end":{"line":283,"column":53}},"66":{"start":{"line":288,"column":8},"end":{"line":288,"column":50}},"67":{"start":{"line":291,"column":8},"end":{"line":291,"column":85}},"68":{"start":{"line":292,"column":8},"end":{"line":292,"column":82}},"69":{"start":{"line":295,"column":8},"end":{"line":295,"column":30}},"70":{"start":{"line":296,"column":8},"end":{"line":296,"column":13235}},"71":{"start":{"line":297,"column":12},"end":{"line":297,"column":13315}},"72":{"start":{"line":302,"column":8},"end":{"line":302,"column":59}},"73":{"start":{"line":305,"column":8},"end":{"line":305,"column":40}},"74":{"start":{"line":306,"column":8},"end":{"line":306,"column":59}},"75":{"start":{"line":309,"column":8},"end":{"line":309,"column":56}},"76":{"start":{"line":319,"column":8},"end":{"line":319,"column":53}},"77":{"start":{"line":320,"column":8},"end":{"line":320,"column":53}},"78":{"start":{"line":323,"column":8},"end":{"line":323,"column":14287}},"79":{"start":{"line":324,"column":12},"end":{"line":324,"column":58}},"80":{"start":{"line":327,"column":8},"end":{"line":327,"column":65}},"81":{"start":{"line":332,"column":8},"end":{"line":332,"column":50}},"82":{"start":{"line":335,"column":8},"end":{"line":335,"column":92}},"83":{"start":{"line":338,"column":8},"end":{"line":338,"column":33}},"84":{"start":{"line":339,"column":8},"end":{"line":339,"column":14924}},"85":{"start":{"line":340,"column":12},"end":{"line":340,"column":15004}},"86":{"start":{"line":345,"column":8},"end":{"line":345,"column":72}},"87":{"start":{"line":348,"column":8},"end":{"line":348,"column":70}},"88":{"start":{"line":356,"column":8},"end":{"line":356,"column":60}},"89":{"start":{"line":358,"column":8},"end":{"line":358,"column":44}},"90":{"start":{"line":370,"column":8},"end":{"line":370,"column":16114}},"91":{"start":{"line":371,"column":12},"end":{"line":371,"column":59}},"92":{"start":{"line":374,"column":12},"end":{"line":374,"column":16370}},"93":{"start":{"line":380,"column":8},"end":{"line":380,"column":57}},"94":{"start":{"line":394,"column":8},"end":{"line":394,"column":50}},"95":{"start":{"line":395,"column":8},"end":{"line":395,"column":17172}},"96":{"start":{"line":409,"column":8},"end":{"line":409,"column":46}}},"branchMap":{"1":{"line":100,"type":"if","locations":[{"start":{"line":100,"column":8},"end":{"line":100,"column":8}},{"start":{"line":100,"column":8},"end":{"line":100,"column":8}}]},"2":{"line":101,"type":"if","locations":[{"start":{"line":101,"column":8},"end":{"line":101,"column":8}},{"start":{"line":101,"column":8},"end":{"line":101,"column":8}}]},"3":{"line":122,"type":"if","locations":[{"start":{"line":122,"column":50},"end":{"line":122,"column":50}},{"start":{"line":122,"column":50},"end":{"line":122,"column":50}}]},"4":{"line":126,"type":"if","locations":[{"start":{"line":126,"column":8},"end":{"line":126,"column":8}},{"start":{"line":126,"column":8},"end":{"line":126,"column":8}}]},"5":{"line":127,"type":"if","locations":[{"start":{"line":127,"column":8},"end":{"line":127,"column":8}},{"start":{"line":127,"column":8},"end":{"line":127,"column":8}}]},"6":{"line":128,"type":"if","locations":[{"start":{"line":128,"column":8},"end":{"line":128,"column":8}},{"start":{"line":128,"column":8},"end":{"line":128,"column":8}}]},"7":{"line":153,"type":"if","locations":[{"start":{"line":153,"column":8},"end":{"line":153,"column":8}},{"start":{"line":153,"column":8},"end":{"line":153,"column":8}}]},"8":{"line":154,"type":"if","locations":[{"start":{"line":154,"column":8},"end":{"line":154,"column":8}},{"start":{"line":154,"column":8},"end":{"line":154,"column":8}}]},"9":{"line":155,"type":"if","locations":[{"start":{"line":155,"column":8},"end":{"line":155,"column":8}},{"start":{"line":155,"column":8},"end":{"line":155,"column":8}}]},"10":{"line":156,"type":"if","locations":[{"start":{"line":156,"column":8},"end":{"line":156,"column":8}},{"start":{"line":156,"column":8},"end":{"line":156,"column":8}}]},"11":{"line":183,"type":"if","locations":[{"start":{"line":183,"column":8},"end":{"line":183,"column":8}},{"start":{"line":183,"column":8},"end":{"line":183,"column":8}}]},"12":{"line":184,"type":"if","locations":[{"start":{"line":184,"column":8},"end":{"line":184,"column":8}},{"start":{"line":184,"column":8},"end":{"line":184,"column":8}}]},"13":{"line":191,"type":"if","locations":[{"start":{"line":191,"column":79},"end":{"line":191,"column":79}},{"start":{"line":191,"column":79},"end":{"line":191,"column":79}}]},"14":{"line":193,"type":"if","locations":[{"start":{"line":193,"column":8},"end":{"line":193,"column":8}},{"start":{"line":193,"column":8},"end":{"line":193,"column":8}}]},"15":{"line":194,"type":"if","locations":[{"start":{"line":194,"column":8},"end":{"line":194,"column":8}},{"start":{"line":194,"column":8},"end":{"line":194,"column":8}}]},"16":{"line":198,"type":"if","locations":[{"start":{"line":198,"column":8},"end":{"line":198,"column":8}},{"start":{"line":198,"column":8},"end":{"line":198,"column":8}}]},"17":{"line":199,"type":"if","locations":[{"start":{"line":199,"column":8},"end":{"line":199,"column":8}},{"start":{"line":199,"column":8},"end":{"line":199,"column":8}}]},"18":{"line":203,"type":"if","locations":[{"start":{"line":203,"column":8},"end":{"line":203,"column":8}},{"start":{"line":203,"column":8},"end":{"line":203,"column":8}}]},"19":{"line":209,"type":"if","locations":[{"start":{"line":209,"column":8},"end":{"line":209,"column":8}},{"start":{"line":209,"column":8},"end":{"line":209,"column":8}}]},"20":{"line":240,"type":"if","locations":[{"start":{"line":240,"column":8},"end":{"line":240,"column":8}},{"start":{"line":240,"column":8},"end":{"line":240,"column":8}}]},"21":{"line":246,"type":"if","locations":[{"start":{"line":246,"column":52},"end":{"line":246,"column":52}},{"start":{"line":246,"column":52},"end":{"line":246,"column":52}}]},"22":{"line":249,"type":"if","locations":[{"start":{"line":249,"column":8},"end":{"line":249,"column":8}},{"start":{"line":249,"column":8},"end":{"line":249,"column":8}}]},"23":{"line":250,"type":"if","locations":[{"start":{"line":250,"column":8},"end":{"line":250,"column":8}},{"start":{"line":250,"column":8},"end":{"line":250,"column":8}}]},"24":{"line":251,"type":"if","locations":[{"start":{"line":251,"column":8},"end":{"line":251,"column":8}},{"start":{"line":251,"column":8},"end":{"line":251,"column":8}}]},"25":{"line":254,"type":"if","locations":[{"start":{"line":254,"column":8},"end":{"line":254,"column":8}},{"start":{"line":254,"column":8},"end":{"line":254,"column":8}}]},"26":{"line":275,"type":"if","locations":[{"start":{"line":275,"column":8},"end":{"line":275,"column":8}},{"start":{"line":275,"column":8},"end":{"line":275,"column":8}}]},"27":{"line":276,"type":"if","locations":[{"start":{"line":276,"column":8},"end":{"line":276,"column":8}},{"start":{"line":276,"column":8},"end":{"line":276,"column":8}}]},"28":{"line":277,"type":"if","locations":[{"start":{"line":277,"column":8},"end":{"line":277,"column":8}},{"start":{"line":277,"column":8},"end":{"line":277,"column":8}}]},"29":{"line":278,"type":"if","locations":[{"start":{"line":278,"column":8},"end":{"line":278,"column":8}},{"start":{"line":278,"column":8},"end":{"line":278,"column":8}}]},"30":{"line":291,"type":"if","locations":[{"start":{"line":291,"column":8},"end":{"line":291,"column":8}},{"start":{"line":291,"column":8},"end":{"line":291,"column":8}}]},"31":{"line":292,"type":"if","locations":[{"start":{"line":292,"column":8},"end":{"line":292,"column":8}},{"start":{"line":292,"column":8},"end":{"line":292,"column":8}}]},"32":{"line":297,"type":"if","locations":[{"start":{"line":297,"column":12},"end":{"line":297,"column":12}},{"start":{"line":297,"column":12},"end":{"line":297,"column":12}}]},"33":{"line":302,"type":"if","locations":[{"start":{"line":302,"column":8},"end":{"line":302,"column":8}},{"start":{"line":302,"column":8},"end":{"line":302,"column":8}}]},"34":{"line":323,"type":"if","locations":[{"start":{"line":323,"column":8},"end":{"line":323,"column":8}},{"start":{"line":323,"column":8},"end":{"line":323,"column":8}}]},"35":{"line":335,"type":"if","locations":[{"start":{"line":335,"column":8},"end":{"line":335,"column":8}},{"start":{"line":335,"column":8},"end":{"line":335,"column":8}}]},"36":{"line":340,"type":"if","locations":[{"start":{"line":340,"column":12},"end":{"line":340,"column":12}},{"start":{"line":340,"column":12},"end":{"line":340,"column":12}}]},"37":{"line":345,"type":"if","locations":[{"start":{"line":345,"column":8},"end":{"line":345,"column":8}},{"start":{"line":345,"column":8},"end":{"line":345,"column":8}}]},"38":{"line":348,"type":"if","locations":[{"start":{"line":348,"column":8},"end":{"line":348,"column":8}},{"start":{"line":348,"column":8},"end":{"line":348,"column":8}}]},"39":{"line":370,"type":"if","locations":[{"start":{"line":370,"column":8},"end":{"line":370,"column":8}},{"start":{"line":370,"column":8},"end":{"line":370,"column":8}}]},"40":{"line":374,"type":"if","locations":[{"start":{"line":374,"column":12},"end":{"line":374,"column":12}},{"start":{"line":374,"column":12},"end":{"line":374,"column":12}}]}}},"contracts/BlockToken.sol":{"l":{"17":20,"18":20,"19":20,"23":0,"27":0,"28":0,"29":0},"path":"/mnt/c/Users/skoita/Desktop/www/soutenance-dev-bc-berners-lee/backend/contracts/BlockToken.sol","s":{"1":20,"2":20,"3":0,"4":0,"5":0},"b":{"1":[20,0],"2":[20,0],"3":[0,0],"4":[0,0]},"f":{"1":82,"2":20,"3":0,"4":0},"fnMap":{"1":{"name":"constructor","line":14,"loc":{"start":{"line":14,"column":4},"end":{"line":14,"column":52}}},"2":{"name":"mint","line":16,"loc":{"start":{"line":16,"column":4},"end":{"line":20,"column":4}}},"3":{"name":"setEventCreator","line":22,"loc":{"start":{"line":22,"column":4},"end":{"line":24,"column":4}}},"4":{"name":"burnInactiveTokens","line":26,"loc":{"start":{"line":26,"column":4},"end":{"line":31,"column":4}}}},"statementMap":{"1":{"start":{"line":17,"column":8},"end":{"line":17,"column":79}},"2":{"start":{"line":18,"column":8},"end":{"line":18,"column":24}},"3":{"start":{"line":27,"column":8},"end":{"line":27,"column":954}},"4":{"start":{"line":28,"column":12},"end":{"line":28,"column":53}},"5":{"start":{"line":29,"column":12},"end":{"line":29,"column":34}}},"branchMap":{"1":{"line":16,"type":"if","locations":[{"start":{"line":16,"column":53},"end":{"line":16,"column":53}},{"start":{"line":16,"column":53},"end":{"line":16,"column":53}}]},"2":{"line":17,"type":"if","locations":[{"start":{"line":17,"column":8},"end":{"line":17,"column":8}},{"start":{"line":17,"column":8},"end":{"line":17,"column":8}}]},"3":{"line":22,"type":"if","locations":[{"start":{"line":22,"column":53},"end":{"line":22,"column":53}},{"start":{"line":22,"column":53},"end":{"line":22,"column":53}}]},"4":{"line":27,"type":"if","locations":[{"start":{"line":27,"column":8},"end":{"line":27,"column":8}},{"start":{"line":27,"column":8},"end":{"line":27,"column":8}}]}}}}