{
"contracts/BlockEvent.sol":{"l":{"89":82,"91":82,"100":23,"101":13,"104":12,"105":12,"107":12,"108":12,"109":12,"110":12,"111":12,"112":12,"113":12,"116":12,"118":12,"123":0,"126":0,"127":0,"128":0,"131":0,"132":0,"134":0,"147":11,"148":11,"149":10,"150":10,"152":9,"153":9,"155":9,"156":9,"157":9,"158":9,"159":9,"160":9,"161":9,"162":9,"163":9,"164":9,"166":9,"167":9,"169":9,"174":0,"175":0,"177":0,"178":0,"181":0,"186":8,"187":8,"188":8,"191":7,"192":7,"193":7,"196":7,"197":7,"198":0,"199":0,"202":7,"203":7,"206":6,"207":6,"210":6,"213":6,"216":6,"217":6,"220":6,"221":6,"224":6,"225":6,"228":6,"230":6,"231":6,"234":6,"235":1,"241":0,"243":0,"244":0,"245":0,"247":0,"248":0,"251":0,"252":0,"255":0,"258":0,"259":0,"261":0,"266":1,"267":1,"269":1,"270":1,"271":1,"272":1,"276":1,"277":1,"282":0,"285":0,"286":0,"289":0,"290":0,"291":0,"292":0,"293":0,"296":0,"299":0,"300":0,"303":0,"305":0,"313":0,"314":0,"317":0,"318":0,"321":0,"326":4,"329":4,"332":3,"333":3,"334":3,"335":3,"336":3,"339":3,"342":3,"345":2,"346":2,"347":2,"350":2,"352":2,"364":0,"365":0,"368":0,"374":0,"388":1,"389":1,"403":0},"path":"/mnt/c/Users/skoita/Desktop/www/soutenance-dev-bc-berners-lee/backend/contracts/BlockEvent.sol","s":{"1":23,"2":13,"3":12,"4":12,"5":12,"6":12,"7":12,"8":0,"9":0,"10":0,"11":0,"12":0,"13":11,"14":11,"15":10,"16":10,"17":9,"18":9,"19":9,"20":9,"21":9,"22":0,"23":0,"24":0,"25":0,"26":8,"27":8,"28":8,"29":7,"30":7,"31":7,"32":7,"33":7,"34":7,"35":7,"36":6,"37":6,"38":6,"39":6,"40":6,"41":6,"42":6,"43":6,"44":6,"45":6,"46":6,"47":1,"48":0,"49":0,"50":0,"51":0,"52":0,"53":0,"54":0,"55":0,"56":0,"57":0,"58":0,"59":1,"60":1,"61":1,"62":1,"63":1,"64":1,"65":1,"66":0,"67":0,"68":0,"69":0,"70":0,"71":0,"72":0,"73":0,"74":0,"75":0,"76":0,"77":0,"78":0,"79":0,"80":0,"81":4,"82":4,"83":3,"84":3,"85":3,"86":3,"87":3,"88":2,"89":2,"90":0,"91":0,"92":0,"93":0,"94":1,"95":1,"96":0},"b":{"1":[13,10],"2":[12,1],"3":[0,0],"4":[0,0],"5":[0,0],"6":[0,0],"7":[11,0],"8":[10,1],"9":[10,0],"10":[9,1],"11":[0,0],"12":[0,0],"13":[8,0],"14":[8,0],"15":[7,1],"16":[7,0],"17":[7,0],"18":[0,7],"19":[6,1],"20":[1,5],"21":[0,0],"22":[0,0],"23":[0,0],"24":[0,0],"25":[0,0],"26":[1,0],"27":[1,0],"28":[1,0],"29":[1,0],"30":[0,0],"31":[0,0],"32":[0,0],"33":[0,0],"34":[0,0],"35":[3,1],"36":[3,0],"37":[3,0],"38":[2,1],"39":[0,0],"40":[0,0]},"f":{"1":82,"2":23,"3":0,"4":11,"5":0,"6":8,"7":0,"8":1,"9":0,"10":4,"11":0,"12":1,"13":0},"fnMap":{"1":{"name":"constructor","line":88,"loc":{"start":{"line":88,"column":4},"end":{"line":92,"column":4}}},"2":{"name":"createEvent","line":95,"loc":{"start":{"line":95,"column":4},"end":{"line":119,"column":4}}},"3":{"name":"cancelEvent","line":122,"loc":{"start":{"line":122,"column":4},"end":{"line":135,"column":4}}},"4":{"name":"createTicketType","line":138,"loc":{"start":{"line":138,"column":4},"end":{"line":170,"column":4}}},"5":{"name":"setResalePrice","line":173,"loc":{"start":{"line":173,"column":4},"end":{"line":182,"column":4}}},"6":{"name":"buyTickets","line":185,"loc":{"start":{"line":185,"column":4},"end":{"line":237,"column":4}}},"7":{"name":"withdrawFunds","line":240,"loc":{"start":{"line":240,"column":4},"end":{"line":262,"column":4}}},"8":{"name":"validateTicket","line":265,"loc":{"start":{"line":265,"column":4},"end":{"line":278,"column":4}}},"9":{"name":"mintCertificate","line":281,"loc":{"start":{"line":281,"column":4},"end":{"line":322,"column":4}}},"10":{"name":"voteForEvent","line":325,"loc":{"start":{"line":325,"column":4},"end":{"line":353,"column":4}}},"11":{"name":"safeTransferFrom","line":356,"loc":{"start":{"line":356,"column":4},"end":{"line":375,"column":4}}},"12":{"name":"getEventInfo","line":378,"loc":{"start":{"line":378,"column":4},"end":{"line":399,"column":4}}},"13":{"name":"getTokenBalance","line":402,"loc":{"start":{"line":402,"column":4},"end":{"line":404,"column":4}}}},"statementMap":{"1":{"start":{"line":100,"column":8},"end":{"line":100,"column":74}},"2":{"start":{"line":101,"column":8},"end":{"line":101,"column":4384}},"3":{"start":{"line":104,"column":8},"end":{"line":104,"column":34}},"4":{"start":{"line":105,"column":8},"end":{"line":105,"column":54}},"5":{"start":{"line":107,"column":8},"end":{"line":107,"column":51}},"6":{"start":{"line":116,"column":8},"end":{"line":116,"column":49}},"7":{"start":{"line":118,"column":8},"end":{"line":118,"column":56}},"8":{"start":{"line":123,"column":8},"end":{"line":123,"column":50}},"9":{"start":{"line":126,"column":8},"end":{"line":126,"column":85}},"10":{"start":{"line":127,"column":8},"end":{"line":127,"column":63}},"11":{"start":{"line":128,"column":8},"end":{"line":128,"column":72}},"12":{"start":{"line":134,"column":8},"end":{"line":134,"column":37}},"13":{"start":{"line":147,"column":8},"end":{"line":147,"column":84}},"14":{"start":{"line":148,"column":8},"end":{"line":148,"column":102}},"15":{"start":{"line":149,"column":8},"end":{"line":149,"column":72}},"16":{"start":{"line":150,"column":8},"end":{"line":150,"column":61}},"17":{"start":{"line":152,"column":8},"end":{"line":152,"column":39}},"18":{"start":{"line":153,"column":8},"end":{"line":153,"column":64}},"19":{"start":{"line":155,"column":8},"end":{"line":155,"column":71}},"20":{"start":{"line":166,"column":8},"end":{"line":166,"column":59}},"21":{"start":{"line":169,"column":8},"end":{"line":169,"column":64}},"22":{"start":{"line":174,"column":8},"end":{"line":174,"column":66}},"23":{"start":{"line":175,"column":8},"end":{"line":175,"column":60}},"24":{"start":{"line":177,"column":8},"end":{"line":177,"column":86}},"25":{"start":{"line":178,"column":8},"end":{"line":178,"column":7711}},"26":{"start":{"line":186,"column":8},"end":{"line":186,"column":66}},"27":{"start":{"line":187,"column":8},"end":{"line":187,"column":70}},"28":{"start":{"line":188,"column":8},"end":{"line":188,"column":8227}},"29":{"start":{"line":191,"column":8},"end":{"line":191,"column":60}},"30":{"start":{"line":192,"column":8},"end":{"line":192,"column":58}},"31":{"start":{"line":193,"column":8},"end":{"line":193,"column":75}},"32":{"start":{"line":196,"column":8},"end":{"line":196,"column":44}},"33":{"start":{"line":197,"column":8},"end":{"line":197,"column":8656}},"34":{"start":{"line":202,"column":8},"end":{"line":202,"column":48}},"35":{"start":{"line":203,"column":8},"end":{"line":203,"column":62}},"36":{"start":{"line":206,"column":8},"end":{"line":206,"column":52}},"37":{"start":{"line":213,"column":8},"end":{"line":213,"column":81}},"38":{"start":{"line":216,"column":8},"end":{"line":216,"column":55}},"39":{"start":{"line":217,"column":8},"end":{"line":217,"column":52}},"40":{"start":{"line":220,"column":8},"end":{"line":220,"column":83}},"41":{"start":{"line":221,"column":8},"end":{"line":221,"column":65}},"42":{"start":{"line":224,"column":8},"end":{"line":224,"column":53}},"43":{"start":{"line":225,"column":8},"end":{"line":225,"column":51}},"44":{"start":{"line":230,"column":8},"end":{"line":230,"column":64}},"45":{"start":{"line":231,"column":8},"end":{"line":231,"column":50}},"46":{"start":{"line":234,"column":8},"end":{"line":234,"column":10296}},"47":{"start":{"line":235,"column":12},"end":{"line":235,"column":63}},"48":{"start":{"line":241,"column":8},"end":{"line":241,"column":50}},"49":{"start":{"line":243,"column":8},"end":{"line":243,"column":85}},"50":{"start":{"line":244,"column":8},"end":{"line":244,"column":58}},"51":{"start":{"line":245,"column":8},"end":{"line":245,"column":82}},"52":{"start":{"line":247,"column":8},"end":{"line":247,"column":84}},"53":{"start":{"line":248,"column":8},"end":{"line":248,"column":60}},"54":{"start":{"line":251,"column":8},"end":{"line":251,"column":59}},"55":{"start":{"line":252,"column":8},"end":{"line":252,"column":63}},"56":{"start":{"line":258,"column":8},"end":{"line":258,"column":49}},"57":{"start":{"line":259,"column":8},"end":{"line":259,"column":52}},"58":{"start":{"line":261,"column":8},"end":{"line":261,"column":56}},"59":{"start":{"line":266,"column":8},"end":{"line":266,"column":66}},"60":{"start":{"line":267,"column":8},"end":{"line":267,"column":60}},"61":{"start":{"line":269,"column":8},"end":{"line":269,"column":85}},"62":{"start":{"line":270,"column":8},"end":{"line":270,"column":94}},"63":{"start":{"line":271,"column":8},"end":{"line":271,"column":83}},"64":{"start":{"line":272,"column":8},"end":{"line":272,"column":12157}},"65":{"start":{"line":277,"column":8},"end":{"line":277,"column":53}},"66":{"start":{"line":282,"column":8},"end":{"line":282,"column":50}},"67":{"start":{"line":285,"column":8},"end":{"line":285,"column":85}},"68":{"start":{"line":286,"column":8},"end":{"line":286,"column":82}},"69":{"start":{"line":289,"column":8},"end":{"line":289,"column":30}},"70":{"start":{"line":290,"column":8},"end":{"line":290,"column":12973}},"71":{"start":{"line":291,"column":12},"end":{"line":291,"column":13053}},"72":{"start":{"line":296,"column":8},"end":{"line":296,"column":59}},"73":{"start":{"line":299,"column":8},"end":{"line":299,"column":40}},"74":{"start":{"line":300,"column":8},"end":{"line":300,"column":59}},"75":{"start":{"line":303,"column":8},"end":{"line":303,"column":56}},"76":{"start":{"line":313,"column":8},"end":{"line":313,"column":53}},"77":{"start":{"line":314,"column":8},"end":{"line":314,"column":53}},"78":{"start":{"line":317,"column":8},"end":{"line":317,"column":14025}},"79":{"start":{"line":318,"column":12},"end":{"line":318,"column":58}},"80":{"start":{"line":321,"column":8},"end":{"line":321,"column":65}},"81":{"start":{"line":326,"column":8},"end":{"line":326,"column":50}},"82":{"start":{"line":329,"column":8},"end":{"line":329,"column":92}},"83":{"start":{"line":332,"column":8},"end":{"line":332,"column":33}},"84":{"start":{"line":333,"column":8},"end":{"line":333,"column":14662}},"85":{"start":{"line":334,"column":12},"end":{"line":334,"column":14742}},"86":{"start":{"line":339,"column":8},"end":{"line":339,"column":72}},"87":{"start":{"line":342,"column":8},"end":{"line":342,"column":70}},"88":{"start":{"line":350,"column":8},"end":{"line":350,"column":60}},"89":{"start":{"line":352,"column":8},"end":{"line":352,"column":44}},"90":{"start":{"line":364,"column":8},"end":{"line":364,"column":15852}},"91":{"start":{"line":365,"column":12},"end":{"line":365,"column":59}},"92":{"start":{"line":368,"column":12},"end":{"line":368,"column":16108}},"93":{"start":{"line":374,"column":8},"end":{"line":374,"column":57}},"94":{"start":{"line":388,"column":8},"end":{"line":388,"column":50}},"95":{"start":{"line":389,"column":8},"end":{"line":389,"column":16910}},"96":{"start":{"line":403,"column":8},"end":{"line":403,"column":46}}},"branchMap":{"1":{"line":100,"type":"if","locations":[{"start":{"line":100,"column":8},"end":{"line":100,"column":8}},{"start":{"line":100,"column":8},"end":{"line":100,"column":8}}]},"2":{"line":101,"type":"if","locations":[{"start":{"line":101,"column":8},"end":{"line":101,"column":8}},{"start":{"line":101,"column":8},"end":{"line":101,"column":8}}]},"3":{"line":122,"type":"if","locations":[{"start":{"line":122,"column":50},"end":{"line":122,"column":50}},{"start":{"line":122,"column":50},"end":{"line":122,"column":50}}]},"4":{"line":126,"type":"if","locations":[{"start":{"line":126,"column":8},"end":{"line":126,"column":8}},{"start":{"line":126,"column":8},"end":{"line":126,"column":8}}]},"5":{"line":127,"type":"if","locations":[{"start":{"line":127,"column":8},"end":{"line":127,"column":8}},{"start":{"line":127,"column":8},"end":{"line":127,"column":8}}]},"6":{"line":128,"type":"if","locations":[{"start":{"line":128,"column":8},"end":{"line":128,"column":8}},{"start":{"line":128,"column":8},"end":{"line":128,"column":8}}]},"7":{"line":147,"type":"if","locations":[{"start":{"line":147,"column":8},"end":{"line":147,"column":8}},{"start":{"line":147,"column":8},"end":{"line":147,"column":8}}]},"8":{"line":148,"type":"if","locations":[{"start":{"line":148,"column":8},"end":{"line":148,"column":8}},{"start":{"line":148,"column":8},"end":{"line":148,"column":8}}]},"9":{"line":149,"type":"if","locations":[{"start":{"line":149,"column":8},"end":{"line":149,"column":8}},{"start":{"line":149,"column":8},"end":{"line":149,"column":8}}]},"10":{"line":150,"type":"if","locations":[{"start":{"line":150,"column":8},"end":{"line":150,"column":8}},{"start":{"line":150,"column":8},"end":{"line":150,"column":8}}]},"11":{"line":177,"type":"if","locations":[{"start":{"line":177,"column":8},"end":{"line":177,"column":8}},{"start":{"line":177,"column":8},"end":{"line":177,"column":8}}]},"12":{"line":178,"type":"if","locations":[{"start":{"line":178,"column":8},"end":{"line":178,"column":8}},{"start":{"line":178,"column":8},"end":{"line":178,"column":8}}]},"13":{"line":185,"type":"if","locations":[{"start":{"line":185,"column":79},"end":{"line":185,"column":79}},{"start":{"line":185,"column":79},"end":{"line":185,"column":79}}]},"14":{"line":187,"type":"if","locations":[{"start":{"line":187,"column":8},"end":{"line":187,"column":8}},{"start":{"line":187,"column":8},"end":{"line":187,"column":8}}]},"15":{"line":188,"type":"if","locations":[{"start":{"line":188,"column":8},"end":{"line":188,"column":8}},{"start":{"line":188,"column":8},"end":{"line":188,"column":8}}]},"16":{"line":192,"type":"if","locations":[{"start":{"line":192,"column":8},"end":{"line":192,"column":8}},{"start":{"line":192,"column":8},"end":{"line":192,"column":8}}]},"17":{"line":193,"type":"if","locations":[{"start":{"line":193,"column":8},"end":{"line":193,"column":8}},{"start":{"line":193,"column":8},"end":{"line":193,"column":8}}]},"18":{"line":197,"type":"if","locations":[{"start":{"line":197,"column":8},"end":{"line":197,"column":8}},{"start":{"line":197,"column":8},"end":{"line":197,"column":8}}]},"19":{"line":203,"type":"if","locations":[{"start":{"line":203,"column":8},"end":{"line":203,"column":8}},{"start":{"line":203,"column":8},"end":{"line":203,"column":8}}]},"20":{"line":234,"type":"if","locations":[{"start":{"line":234,"column":8},"end":{"line":234,"column":8}},{"start":{"line":234,"column":8},"end":{"line":234,"column":8}}]},"21":{"line":240,"type":"if","locations":[{"start":{"line":240,"column":52},"end":{"line":240,"column":52}},{"start":{"line":240,"column":52},"end":{"line":240,"column":52}}]},"22":{"line":243,"type":"if","locations":[{"start":{"line":243,"column":8},"end":{"line":243,"column":8}},{"start":{"line":243,"column":8},"end":{"line":243,"column":8}}]},"23":{"line":244,"type":"if","locations":[{"start":{"line":244,"column":8},"end":{"line":244,"column":8}},{"start":{"line":244,"column":8},"end":{"line":244,"column":8}}]},"24":{"line":245,"type":"if","locations":[{"start":{"line":245,"column":8},"end":{"line":245,"column":8}},{"start":{"line":245,"column":8},"end":{"line":245,"column":8}}]},"25":{"line":248,"type":"if","locations":[{"start":{"line":248,"column":8},"end":{"line":248,"column":8}},{"start":{"line":248,"column":8},"end":{"line":248,"column":8}}]},"26":{"line":269,"type":"if","locations":[{"start":{"line":269,"column":8},"end":{"line":269,"column":8}},{"start":{"line":269,"column":8},"end":{"line":269,"column":8}}]},"27":{"line":270,"type":"if","locations":[{"start":{"line":270,"column":8},"end":{"line":270,"column":8}},{"start":{"line":270,"column":8},"end":{"line":270,"column":8}}]},"28":{"line":271,"type":"if","locations":[{"start":{"line":271,"column":8},"end":{"line":271,"column":8}},{"start":{"line":271,"column":8},"end":{"line":271,"column":8}}]},"29":{"line":272,"type":"if","locations":[{"start":{"line":272,"column":8},"end":{"line":272,"column":8}},{"start":{"line":272,"column":8},"end":{"line":272,"column":8}}]},"30":{"line":285,"type":"if","locations":[{"start":{"line":285,"column":8},"end":{"line":285,"column":8}},{"start":{"line":285,"column":8},"end":{"line":285,"column":8}}]},"31":{"line":286,"type":"if","locations":[{"start":{"line":286,"column":8},"end":{"line":286,"column":8}},{"start":{"line":286,"column":8},"end":{"line":286,"column":8}}]},"32":{"line":291,"type":"if","locations":[{"start":{"line":291,"column":12},"end":{"line":291,"column":12}},{"start":{"line":291,"column":12},"end":{"line":291,"column":12}}]},"33":{"line":296,"type":"if","locations":[{"start":{"line":296,"column":8},"end":{"line":296,"column":8}},{"start":{"line":296,"column":8},"end":{"line":296,"column":8}}]},"34":{"line":317,"type":"if","locations":[{"start":{"line":317,"column":8},"end":{"line":317,"column":8}},{"start":{"line":317,"column":8},"end":{"line":317,"column":8}}]},"35":{"line":329,"type":"if","locations":[{"start":{"line":329,"column":8},"end":{"line":329,"column":8}},{"start":{"line":329,"column":8},"end":{"line":329,"column":8}}]},"36":{"line":334,"type":"if","locations":[{"start":{"line":334,"column":12},"end":{"line":334,"column":12}},{"start":{"line":334,"column":12},"end":{"line":334,"column":12}}]},"37":{"line":339,"type":"if","locations":[{"start":{"line":339,"column":8},"end":{"line":339,"column":8}},{"start":{"line":339,"column":8},"end":{"line":339,"column":8}}]},"38":{"line":342,"type":"if","locations":[{"start":{"line":342,"column":8},"end":{"line":342,"column":8}},{"start":{"line":342,"column":8},"end":{"line":342,"column":8}}]},"39":{"line":364,"type":"if","locations":[{"start":{"line":364,"column":8},"end":{"line":364,"column":8}},{"start":{"line":364,"column":8},"end":{"line":364,"column":8}}]},"40":{"line":368,"type":"if","locations":[{"start":{"line":368,"column":12},"end":{"line":368,"column":12}},{"start":{"line":368,"column":12},"end":{"line":368,"column":12}}]}}},
"contracts/BlockToken.sol":{"l":{"17":20,"18":20,"19":20,"23":0,"27":0,"28":0,"29":0},"path":"/mnt/c/Users/skoita/Desktop/www/soutenance-dev-bc-berners-lee/backend/contracts/BlockToken.sol","s":{"1":20,"2":20,"3":0,"4":0,"5":0},"b":{"1":[20,0],"2":[20,0],"3":[0,0],"4":[0,0]},"f":{"1":82,"2":20,"3":0,"4":0},"fnMap":{"1":{"name":"constructor","line":14,"loc":{"start":{"line":14,"column":4},"end":{"line":14,"column":52}}},"2":{"name":"mint","line":16,"loc":{"start":{"line":16,"column":4},"end":{"line":20,"column":4}}},"3":{"name":"setEventCreator","line":22,"loc":{"start":{"line":22,"column":4},"end":{"line":24,"column":4}}},"4":{"name":"burnInactiveTokens","line":26,"loc":{"start":{"line":26,"column":4},"end":{"line":31,"column":4}}}},"statementMap":{"1":{"start":{"line":17,"column":8},"end":{"line":17,"column":79}},"2":{"start":{"line":18,"column":8},"end":{"line":18,"column":24}},"3":{"start":{"line":27,"column":8},"end":{"line":27,"column":954}},"4":{"start":{"line":28,"column":12},"end":{"line":28,"column":53}},"5":{"start":{"line":29,"column":12},"end":{"line":29,"column":34}}},"branchMap":{"1":{"line":16,"type":"if","locations":[{"start":{"line":16,"column":53},"end":{"line":16,"column":53}},{"start":{"line":16,"column":53},"end":{"line":16,"column":53}}]},"2":{"line":17,"type":"if","locations":[{"start":{"line":17,"column":8},"end":{"line":17,"column":8}},{"start":{"line":17,"column":8},"end":{"line":17,"column":8}}]},"3":{"line":22,"type":"if","locations":[{"start":{"line":22,"column":53},"end":{"line":22,"column":53}},{"start":{"line":22,"column":53},"end":{"line":22,"column":53}}]},"4":{"line":27,"type":"if","locations":[{"start":{"line":27,"column":8},"end":{"line":27,"column":8}},{"start":{"line":27,"column":8},"end":{"line":27,"column":8}}]}}}}
