TN:
SF:/mnt/c/Users/skoita/Desktop/www/soutenance-dev-bc-berners-lee/backend/contracts/BlockEvent.sol
FN:88,constructor
FN:95,createEvent
FN:122,cancelEvent
FN:144,createTicketType
FN:179,setResalePrice
FN:191,buyTickets
FN:246,withdrawFunds
FN:271,validateTicket
FN:287,mintCertificate
FN:331,voteForEvent
FN:362,safeTransferFrom
FN:384,getEventInfo
FN:408,getTokenBalance
FNF:13
FNH:7
FNDA:82,constructor
FNDA:23,createEvent
FNDA:0,cancelEvent
FNDA:11,createTicketType
FNDA:0,setResalePrice
FNDA:8,buyTickets
FNDA:0,withdrawFunds
FNDA:1,validateTicket
FNDA:0,mintCertificate
FNDA:4,voteForEvent
FNDA:0,safeTransferFrom
FNDA:1,getEventInfo
FNDA:0,getTokenBalance
DA:89,82
DA:91,82
DA:100,23
DA:101,13
DA:104,12
DA:105,12
DA:107,12
DA:108,12
DA:109,12
DA:110,12
DA:111,12
DA:112,12
DA:113,12
DA:116,12
DA:118,12
DA:123,0
DA:126,0
DA:127,0
DA:128,0
DA:131,0
DA:132,0
DA:140,0
DA:153,11
DA:154,11
DA:155,10
DA:156,10
DA:158,9
DA:159,9
DA:161,9
DA:162,9
DA:163,9
DA:164,9
DA:165,9
DA:166,9
DA:167,9
DA:168,9
DA:169,9
DA:170,9
DA:172,9
DA:173,9
DA:175,9
DA:180,0
DA:181,0
DA:183,0
DA:184,0
DA:187,0
DA:192,8
DA:193,8
DA:194,8
DA:197,7
DA:198,7
DA:199,7
DA:202,7
DA:203,7
DA:204,0
DA:205,0
DA:208,7
DA:209,7
DA:212,6
DA:213,6
DA:216,6
DA:219,6
DA:222,6
DA:223,6
DA:226,6
DA:227,6
DA:230,6
DA:231,6
DA:234,6
DA:236,6
DA:237,6
DA:240,6
DA:241,1
DA:247,0
DA:249,0
DA:250,0
DA:251,0
DA:253,0
DA:254,0
DA:257,0
DA:258,0
DA:261,0
DA:264,0
DA:265,0
DA:267,0
DA:272,1
DA:273,1
DA:275,1
DA:276,1
DA:277,1
DA:278,1
DA:282,1
DA:283,1
DA:288,0
DA:291,0
DA:292,0
DA:295,0
DA:296,0
DA:297,0
DA:298,0
DA:299,0
DA:302,0
DA:305,0
DA:306,0
DA:309,0
DA:311,0
DA:319,0
DA:320,0
DA:323,0
DA:324,0
DA:327,0
DA:332,4
DA:335,4
DA:338,3
DA:339,3
DA:340,3
DA:341,3
DA:342,3
DA:345,3
DA:348,3
DA:351,2
DA:352,2
DA:353,2
DA:356,2
DA:358,2
DA:370,0
DA:371,0
DA:374,0
DA:380,0
DA:394,1
DA:395,1
DA:409,0
LF:132
LH:83
BRDA:100,1,0,13
BRDA:100,1,1,10
BRDA:101,2,0,12
BRDA:101,2,1,1
BRDA:122,3,0,0
BRDA:122,3,1,0
BRDA:126,4,0,0
BRDA:126,4,1,0
BRDA:127,5,0,0
BRDA:127,5,1,0
BRDA:128,6,0,0
BRDA:128,6,1,0
BRDA:153,7,0,11
BRDA:153,7,1,0
BRDA:154,8,0,10
BRDA:154,8,1,1
BRDA:155,9,0,10
BRDA:155,9,1,0
BRDA:156,10,0,9
BRDA:156,10,1,1
BRDA:183,11,0,0
BRDA:183,11,1,0
BRDA:184,12,0,0
BRDA:184,12,1,0
BRDA:191,13,0,8
BRDA:191,13,1,0
BRDA:193,14,0,8
BRDA:193,14,1,0
BRDA:194,15,0,7
BRDA:194,15,1,1
BRDA:198,16,0,7
BRDA:198,16,1,0
BRDA:199,17,0,7
BRDA:199,17,1,0
BRDA:203,18,0,0
BRDA:203,18,1,7
BRDA:209,19,0,6
BRDA:209,19,1,1
BRDA:240,20,0,1
BRDA:240,20,1,5
BRDA:246,21,0,0
BRDA:246,21,1,0
BRDA:249,22,0,0
BRDA:249,22,1,0
BRDA:250,23,0,0
BRDA:250,23,1,0
BRDA:251,24,0,0
BRDA:251,24,1,0
BRDA:254,25,0,0
BRDA:254,25,1,0
BRDA:275,26,0,1
BRDA:275,26,1,0
BRDA:276,27,0,1
BRDA:276,27,1,0
BRDA:277,28,0,1
BRDA:277,28,1,0
BRDA:278,29,0,1
BRDA:278,29,1,0
BRDA:291,30,0,0
BRDA:291,30,1,0
BRDA:292,31,0,0
BRDA:292,31,1,0
BRDA:297,32,0,0
BRDA:297,32,1,0
BRDA:302,33,0,0
BRDA:302,33,1,0
BRDA:323,34,0,0
BRDA:323,34,1,0
BRDA:335,35,0,3
BRDA:335,35,1,1
BRDA:340,36,0,3
BRDA:340,36,1,0
BRDA:345,37,0,3
BRDA:345,37,1,0
BRDA:348,38,0,2
BRDA:348,38,1,1
BRDA:370,39,0,0
BRDA:370,39,1,0
BRDA:374,40,0,0
BRDA:374,40,1,0
BRF:80
BRH:31
end_of_record
TN:
SF:/mnt/c/Users/skoita/Desktop/www/soutenance-dev-bc-berners-lee/backend/contracts/BlockToken.sol
FN:14,constructor
FN:16,mint
FN:22,setEventCreator
FN:26,burnInactiveTokens
FNF:4
FNH:2
FNDA:82,constructor
FNDA:20,mint
FNDA:0,setEventCreator
FNDA:0,burnInactiveTokens
DA:17,20
DA:18,20
DA:19,20
DA:23,0
DA:27,0
DA:28,0
DA:29,0
LF:7
LH:3
BRDA:16,1,0,20
BRDA:16,1,1,0
BRDA:17,2,0,20
BRDA:17,2,1,0
BRDA:22,3,0,0
BRDA:22,3,1,0
BRDA:27,4,0,0
BRDA:27,4,1,0
BRF:8
BRH:2
end_of_record
