TN:
SF:/mnt/c/Users/skoita/Desktop/www/soutenance-dev-bc-berners-lee/backend/contracts/BlockEvent.sol
FN:88,constructor
FN:95,createEvent
FN:122,cancelEvent
FN:138,createTicketType
FN:173,setResalePrice
FN:185,buyTickets
FN:240,withdrawFunds
FN:265,validateTicket
FN:281,mintCertificate
FN:325,voteForEvent
FN:356,safeTransferFrom
FN:378,getEventInfo
FN:402,getTokenBalance
FNF:13
FNH:7
FNDA:82,constructor
FNDA:23,createEvent
FNDA:0,cancelEvent
FNDA:11,createTicketType
FNDA:0,setResalePrice
FNDA:8,buyTickets
FNDA:0,withdrawFunds
FNDA:1,validateTicket
FNDA:0,mintCertificate
FNDA:4,voteForEvent
FNDA:0,safeTransferFrom
FNDA:1,getEventInfo
FNDA:0,getTokenBalance
DA:89,82
DA:91,82
DA:100,23
DA:101,13
DA:104,12
DA:105,12
DA:107,12
DA:108,12
DA:109,12
DA:110,12
DA:111,12
DA:112,12
DA:113,12
DA:116,12
DA:118,12
DA:123,0
DA:126,0
DA:127,0
DA:128,0
DA:131,0
DA:132,0
DA:134,0
DA:147,11
DA:148,11
DA:149,10
DA:150,10
DA:152,9
DA:153,9
DA:155,9
DA:156,9
DA:157,9
DA:158,9
DA:159,9
DA:160,9
DA:161,9
DA:162,9
DA:163,9
DA:164,9
DA:166,9
DA:167,9
DA:169,9
DA:174,0
DA:175,0
DA:177,0
DA:178,0
DA:181,0
DA:186,8
DA:187,8
DA:188,8
DA:191,7
DA:192,7
DA:193,7
DA:196,7
DA:197,7
DA:198,0
DA:199,0
DA:202,7
DA:203,7
DA:206,6
DA:207,6
DA:210,6
DA:213,6
DA:216,6
DA:217,6
DA:220,6
DA:221,6
DA:224,6
DA:225,6
DA:228,6
DA:230,6
DA:231,6
DA:234,6
DA:235,1
DA:241,0
DA:243,0
DA:244,0
DA:245,0
DA:247,0
DA:248,0
DA:251,0
DA:252,0
DA:255,0
DA:258,0
DA:259,0
DA:261,0
DA:266,1
DA:267,1
DA:269,1
DA:270,1
DA:271,1
DA:272,1
DA:276,1
DA:277,1
DA:282,0
DA:285,0
DA:286,0
DA:289,0
DA:290,0
DA:291,0
DA:292,0
DA:293,0
DA:296,0
DA:299,0
DA:300,0
DA:303,0
DA:305,0
DA:313,0
DA:314,0
DA:317,0
DA:318,0
DA:321,0
DA:326,4
DA:329,4
DA:332,3
DA:333,3
DA:334,3
DA:335,3
DA:336,3
DA:339,3
DA:342,3
DA:345,2
DA:346,2
DA:347,2
DA:350,2
DA:352,2
DA:364,0
DA:365,0
DA:368,0
DA:374,0
DA:388,1
DA:389,1
DA:403,0
LF:132
LH:83
BRDA:100,1,0,13
BRDA:100,1,1,10
BRDA:101,2,0,12
BRDA:101,2,1,1
BRDA:122,3,0,0
BRDA:122,3,1,0
BRDA:126,4,0,0
BRDA:126,4,1,0
BRDA:127,5,0,0
BRDA:127,5,1,0
BRDA:128,6,0,0
BRDA:128,6,1,0
BRDA:147,7,0,11
BRDA:147,7,1,0
BRDA:148,8,0,10
BRDA:148,8,1,1
BRDA:149,9,0,10
BRDA:149,9,1,0
BRDA:150,10,0,9
BRDA:150,10,1,1
BRDA:177,11,0,0
BRDA:177,11,1,0
BRDA:178,12,0,0
BRDA:178,12,1,0
BRDA:185,13,0,8
BRDA:185,13,1,0
BRDA:187,14,0,8
BRDA:187,14,1,0
BRDA:188,15,0,7
BRDA:188,15,1,1
BRDA:192,16,0,7
BRDA:192,16,1,0
BRDA:193,17,0,7
BRDA:193,17,1,0
BRDA:197,18,0,0
BRDA:197,18,1,7
BRDA:203,19,0,6
BRDA:203,19,1,1
BRDA:234,20,0,1
BRDA:234,20,1,5
BRDA:240,21,0,0
BRDA:240,21,1,0
BRDA:243,22,0,0
BRDA:243,22,1,0
BRDA:244,23,0,0
BRDA:244,23,1,0
BRDA:245,24,0,0
BRDA:245,24,1,0
BRDA:248,25,0,0
BRDA:248,25,1,0
BRDA:269,26,0,1
BRDA:269,26,1,0
BRDA:270,27,0,1
BRDA:270,27,1,0
BRDA:271,28,0,1
BRDA:271,28,1,0
BRDA:272,29,0,1
BRDA:272,29,1,0
BRDA:285,30,0,0
BRDA:285,30,1,0
BRDA:286,31,0,0
BRDA:286,31,1,0
BRDA:291,32,0,0
BRDA:291,32,1,0
BRDA:296,33,0,0
BRDA:296,33,1,0
BRDA:317,34,0,0
BRDA:317,34,1,0
BRDA:329,35,0,3
BRDA:329,35,1,1
BRDA:334,36,0,3
BRDA:334,36,1,0
BRDA:339,37,0,3
BRDA:339,37,1,0
BRDA:342,38,0,2
BRDA:342,38,1,1
BRDA:364,39,0,0
BRDA:364,39,1,0
BRDA:368,40,0,0
BRDA:368,40,1,0
BRF:80
BRH:31
end_of_record
TN:
SF:/mnt/c/Users/skoita/Desktop/www/soutenance-dev-bc-berners-lee/backend/contracts/BlockToken.sol
FN:14,constructor
FN:16,mint
FN:22,setEventCreator
FN:26,burnInactiveTokens
FNF:4
FNH:2
FNDA:82,constructor
FNDA:20,mint
FNDA:0,setEventCreator
FNDA:0,burnInactiveTokens
DA:17,20
DA:18,20
DA:19,20
DA:23,0
DA:27,0
DA:28,0
DA:29,0
LF:7
LH:3
BRDA:16,1,0,20
BRDA:16,1,1,0
BRDA:17,2,0,20
BRDA:17,2,1,0
BRDA:22,3,0,0
BRDA:22,3,1,0
BRDA:27,4,0,0
BRDA:27,4,1,0
BRF:8
BRH:2
end_of_record
